<?xml version="1.0" encoding="UTF-8"?>
<!-- Generated by org.testng.reporters.JUnitReportReporter -->
<testsuite skipped="0" hostname="E0366482" name="test.TC001" tests="1" failures="0" timestamp="26 Oct 2018 09:21:55 GMT" time="0.016" errors="0">
  <testcase name="test1" time="0.016" classname="test.TC001"/>
</testsuite> <!-- test.TC001 -->
